<?xml version="1.0" encoding="UTF-8"?>
<testng-results skipped="0" failed="0" ignored="0" total="1" passed="1">
  <reporter-output>
  </reporter-output>
  <suite name="Command line suite" duration-ms="61" started-at="2017-08-29T21:10:12Z" finished-at="2017-08-29T21:10:12Z">
    <groups>
    </groups>
    <test name="Command line test" duration-ms="61" started-at="2017-08-29T21:10:12Z" finished-at="2017-08-29T21:10:12Z">
      <class name="Santosh.Reddy.AppTest">
        <test-method status="PASS" signature="testApp()" name="testApp" duration-ms="11" started-at="2017-08-29T14:10:12Z" finished-at="2017-08-29T14:10:12Z">
          <reporter-output>
          </reporter-output>
        </test-method> <!-- testApp -->
      </class> <!-- Santosh.Reddy.AppTest -->
    </test> <!-- Command line test -->
  </suite> <!-- Command line suite -->
</testng-results>
