<?xml version="1.0" encoding="UTF-8"?>
<testng-results skipped="0" failed="0" ignored="0" total="1" passed="1">
  <reporter-output>
  </reporter-output>
  <suite name="Command line suite" duration-ms="9686" started-at="2017-08-29T21:10:02Z" finished-at="2017-08-29T21:10:12Z">
    <groups>
    </groups>
    <test name="Command line test" duration-ms="9686" started-at="2017-08-29T21:10:02Z" finished-at="2017-08-29T21:10:12Z">
      <class name="Santosh.Reddy.Testing">
        <test-method status="PASS" signature="open()[pri:0, instance:Santosh.Reddy.Testing@180bc464]" name="open" duration-ms="9666" started-at="2017-08-29T14:10:02Z" finished-at="2017-08-29T14:10:12Z">
          <reporter-output>
          </reporter-output>
        </test-method> <!-- open -->
      </class> <!-- Santosh.Reddy.Testing -->
    </test> <!-- Command line test -->
  </suite> <!-- Command line suite -->
</testng-results>
